#
# A fatal error has been detected by the Java Runtime Environment:
#
#  SIGSEGV (0xb) at pc=0x00007fff63f88712, pid=29386, tid=6915
#
# JRE version:  (11.0.1+13) (build )
# Java VM: OpenJDK 64-Bit Server VM (11.0.1+13, mixed mode, aot, sharing, tiered, compressed oops, g1 gc, bsd-amd64)
# Problematic frame:
# C  [libsystem_platform.dylib+0x1712]  _platform_strlen+0x12
#
# No core dump will be written. Core dumps have been disabled. To enable core dumping, try "ulimit -c unlimited" before starting Java again
#
# If you would like to submit a bug report, please visit:
#   http://bugreport.java.com/bugreport/crash.jsp
#

---------------  S U M M A R Y ------------

Command Line: 

Host: MacBookPro11,4 x86_64 2200 MHz, 8 cores, 16G, Darwin 18.2.0
Time: Wed Jan 30 21:33:15 2019 GMT elapsed time: 0 seconds (0d 0h 0m 0s)

---------------  T H R E A D  ---------------

Current thread (0x00007fe4c5806000):  JavaThread "Unknown thread" [_thread_in_vm, id=6915, stack(0x0000700000812000,0x0000700000912000)]

Stack: [0x0000700000812000,0x0000700000912000],  sp=0x0000700000911ad0,  free space=1022k
Native frames: (J=compiled Java code, A=aot compiled Java code, j=interpreted, Vv=VM code, C=native code)
C  [libsystem_platform.dylib+0x1712]  _platform_strlen+0x12
V  [libjvm.dylib+0x1f9543]  ClassLoader::setup_boot_search_path(char const*)+0x1d
V  [libjvm.dylib+0x1fbfd4]  ClassLoader::initialize()+0x5d8
V  [libjvm.dylib+0x38b4c5]  init_globals()+0x2d
V  [libjvm.dylib+0x702225]  Threads::create_vm(JavaVMInitArgs*, bool*)+0x26d
V  [libjvm.dylib+0x3f8a98]  JNI_CreateJavaVM+0x60
C  [java+0x3e48]  JavaMain+0x10b
C  [libsystem_pthread.dylib+0x3305]  _pthread_body+0x7e
C  [libsystem_pthread.dylib+0x626f]  _pthread_start+0x46
C  [libsystem_pthread.dylib+0x2415]  thread_start+0xd


siginfo: si_signo: 11 (SIGSEGV), si_code: 1 (SEGV_MAPERR), si_addr: 0x0000000000000000

Registers:
RAX=0x000000010715c2e2, RBX=0x000000010715f360, RCX=0x0000000000000000, RDX=0x0000000000000000
RSP=0x0000700000911ad0, RBP=0x0000700000911ad0, RSI=0x0000000000000000, RDI=0x0000000000000000
R8 =0x0000000000000000, R9 =0x0000000000000000, R10=0x0000000000000000, R11=0x0000000000000000
R12=0x00007fe4c5806000, R13=0x0000700000911ee0, R14=0x0000000106db08f6, R15=0x0000700000911e57
RIP=0x00007fff63f88712, EFLAGS=0x0000000000010246, ERR=0x0000000000000004
  TRAPNO=0x000000000000000e

Top of Stack: (sp=0x0000700000911ad0)
0x0000700000911ad0:   0000700000911bf0 00000001069f2543
0x0000700000911ae0:   00007fe4c3a012a0 0000000000000040
0x0000700000911af0:   00007fe4c1606b00 0000000000000040
0x0000700000911b00:   0000700000911b30 0000000106e293c4
0x0000700000911b10:   0000000000000038 0000000000000040
0x0000700000911b20:   00007fe4c3a02b40 0000000000000002
0x0000700000911b30:   0000700000911b90 0000000106e27994
0x0000700000911b40:   0000700000911b70 0000000106dd336d
0x0000700000911b50:   00007fe4c3a012a0 00007fe4c3a02b40
0x0000700000911b60:   00007fe4c3a01540 00007fe4c1606b80
0x0000700000911b70:   0000700000911bb0 0000000106e28016
0x0000700000911b80:   00007fe4c3a02b40 00007fe4c3a02b40
0x0000700000911b90:   0000000000000004 0000000106f8ee41
0x0000700000911ba0:   000000000000000b 0000000000000000
0x0000700000911bb0:   0f3ec69ca7960051 0000000000000000
0x0000700000911bc0:   0000000106db08f6 000000010715f360
0x0000700000911bd0:   00007fe4c5806000 0000700000911ee0
0x0000700000911be0:   0000000106db08f6 0000700000911e57
0x0000700000911bf0:   0000700000911c20 00000001069f4fd4
0x0000700000911c00:   00007fe4c5806000 00007fe4c5806000
0x0000700000911c10:   000000010715f360 0000000106db08f6
0x0000700000911c20:   0000700000911c70 0000000106b844c5
0x0000700000911c30:   00007fe4c5806000 00007fe4c3a00670
0x0000700000911c40:   00007fe4c3a006b0 00007fe4c3a006c0
0x0000700000911c50:   00007fe4c3a00798 00000000000000d8
0x0000700000911c60:   00007fe4c3a008b0 000000010715f360
0x0000700000911c70:   0000700000911e00 0000000106efb225
0x0000700000911c80:   0000000000000000 0000000000000000
0x0000700000911c90:   0000000000000000 0000000000000000
0x0000700000911ca0:   0000000000000000 0000000000000000
0x0000700000911cb0:   0000000000000000 0000000000000000
0x0000700000911cc0:   0000000000000100 0000000000000000 

Instructions: (pc=0x00007fff63f88712)
0x00007fff63f886f2:   90 90 90 90 90 90 90 90 90 90 90 90 90 90 55 48
0x00007fff63f88702:   89 e5 48 89 f9 48 89 fa 48 83 e7 f0 66 0f ef c0
0x00007fff63f88712:   66 0f 74 07 66 0f d7 f0 48 83 e1 0f 48 83 c8 ff
0x00007fff63f88722:   48 d3 e0 21 c6 74 17 0f bc c6 48 29 d7 48 01 f8 


---------------  P R O C E S S  ---------------

Threads class SMR info:
_java_thread_list=0x00007fe4c3901f50, length=0, elements={
}

Java Threads: ( => current thread )

Other Threads:

[error occurred during error reporting (printing all threads), id 0xb, SIGSEGV (0xb) at pc=0x0000000106efc542]

VM state:not at safepoint (not fully initialized)

VM Mutex/Monitor currently owned by a thread: None


[error occurred during error reporting (printing compressed oops mode), id 0xb, SIGSEGV (0xb) at pc=0x0000000106f106de]

Deoptimization events (0 events):
No events

Classes redefined (0 events):
No events

Internal exceptions (0 events):
No events

Events (0 events):
No events


Dynamic libraries:
0x00007fff36301000 	/System/Library/Frameworks/Cocoa.framework/Versions/A/Cocoa
0x00007fff425be000 	/System/Library/Frameworks/Security.framework/Versions/A/Security
0x00007fff34f08000 	/System/Library/Frameworks/ApplicationServices.framework/Versions/A/ApplicationServices
0x00007fff63b9f000 	/usr/lib/libz.1.dylib
0x00007fff61215000 	/usr/lib/libSystem.B.dylib
0x00007fff36b24000 	/System/Library/Frameworks/CoreFoundation.framework/Versions/A/CoreFoundation
0x00007fff38ea9000 	/System/Library/Frameworks/Foundation.framework/Versions/C/Foundation
0x00007fff62cbc000 	/usr/lib/libobjc.A.dylib
0x00007fff34095000 	/System/Library/Frameworks/AppKit.framework/Versions/C/AppKit
0x00007fff36698000 	/System/Library/Frameworks/CoreData.framework/Versions/A/CoreData
0x00007fff5a3e4000 	/System/Library/PrivateFrameworks/RemoteViewServices.framework/Versions/A/RemoteViewServices
0x00007fff5eee3000 	/System/Library/PrivateFrameworks/UIFoundation.framework/Versions/A/UIFoundation
0x00007fff6069b000 	/System/Library/PrivateFrameworks/XCTTargetBootstrap.framework/Versions/A/XCTTargetBootstrap
0x00007fff54ee9000 	/System/Library/PrivateFrameworks/IconServices.framework/Versions/A/IconServices
0x00007fff3b772000 	/System/Library/Frameworks/Metal.framework/Versions/A/Metal
0x00007fff4c0ec000 	/System/Library/PrivateFrameworks/DesktopServicesPriv.framework/Versions/A/DesktopServicesPriv
0x00007fff61fd0000 	/usr/lib/libenergytrace.dylib
0x00007fff5cc54000 	/System/Library/PrivateFrameworks/SkyLight.framework/Versions/A/SkyLight
0x00007fff36f73000 	/System/Library/Frameworks/CoreGraphics.framework/Versions/A/CoreGraphics
0x00007fff32e50000 	/System/Library/Frameworks/Accelerate.framework/Versions/A/Accelerate
0x00007fff39632000 	/System/Library/Frameworks/IOSurface.framework/Versions/A/IOSurface
0x00007fff4bf4e000 	/System/Library/PrivateFrameworks/DFRFoundation.framework/Versions/A/DFRFoundation
0x00007fff3540d000 	/System/Library/Frameworks/AudioToolbox.framework/Versions/A/AudioToolbox
0x00007fff356ac000 	/System/Library/Frameworks/AudioUnit.framework/Versions/A/AudioUnit
0x00007fff4bfe5000 	/System/Library/PrivateFrameworks/DataDetectorsCore.framework/Versions/A/DataDetectorsCore
0x00007fff35deb000 	/System/Library/Frameworks/Carbon.framework/Versions/A/Frameworks/HIToolbox.framework/Versions/A/HIToolbox
0x00007fff6212b000 	/usr/lib/libicucore.A.dylib
0x00007fff41b11000 	/System/Library/Frameworks/QuartzCore.framework/Versions/A/QuartzCore
0x00007fff361d2000 	/System/Library/Frameworks/Carbon.framework/Versions/A/Frameworks/SpeechRecognition.framework/Versions/A/SpeechRecognition
0x00007fff61378000 	/usr/lib/libauto.dylib
0x00007fff63a92000 	/usr/lib/libxml2.2.dylib
0x00007fff4bb4d000 	/System/Library/PrivateFrameworks/CoreUI.framework/Versions/A/CoreUI
0x00007fff36576000 	/System/Library/Frameworks/CoreAudio.framework/Versions/A/CoreAudio
0x00007fff38cdb000 	/System/Library/Frameworks/DiskArbitration.framework/Versions/A/DiskArbitration
0x00007fff623db000 	/usr/lib/liblangid.dylib
0x00007fff56398000 	/System/Library/PrivateFrameworks/MultitouchSupport.framework/Versions/A/MultitouchSupport
0x00007fff3959e000 	/System/Library/Frameworks/IOKit.framework/Versions/A/IOKit
0x00007fff60e63000 	/usr/lib/libDiagnosticMessagesClient.dylib
0x00007fff37de1000 	/System/Library/Frameworks/CoreServices.framework/Versions/A/CoreServices
0x00007fff580cd000 	/System/Library/PrivateFrameworks/PerformanceAnalysis.framework/Versions/A/PerformanceAnalysis
0x00007fff40ca6000 	/System/Library/Frameworks/OpenGL.framework/Versions/A/OpenGL
0x00007fff3630f000 	/System/Library/Frameworks/ColorSync.framework/Versions/A/ColorSync
0x00007fff37602000 	/System/Library/Frameworks/CoreImage.framework/Versions/A/CoreImage
0x00007fff38824000 	/System/Library/Frameworks/CoreText.framework/Versions/A/CoreText
0x00007fff39693000 	/System/Library/Frameworks/ImageIO.framework/Versions/A/ImageIO
0x00007fff4818c000 	/System/Library/PrivateFrameworks/Backup.framework/Versions/A/Backup
0x00007fff612cb000 	/usr/lib/libarchive.2.dylib
0x00007fff35a10000 	/System/Library/Frameworks/CFNetwork.framework/Versions/A/CFNetwork
0x00007fff42d69000 	/System/Library/Frameworks/SystemConfiguration.framework/Versions/A/SystemConfiguration
0x00007fff60d8c000 	/usr/lib/libCRFSuite.dylib
0x00007fff6146f000 	/usr/lib/libc++.1.dylib
0x00007fff614c7000 	/usr/lib/libc++abi.dylib
0x00007fff63c22000 	/usr/lib/system/libcache.dylib
0x00007fff63c27000 	/usr/lib/system/libcommonCrypto.dylib
0x00007fff63c32000 	/usr/lib/system/libcompiler_rt.dylib
0x00007fff63c3a000 	/usr/lib/system/libcopyfile.dylib
0x00007fff63c44000 	/usr/lib/system/libcorecrypto.dylib
0x00007fff63d4f000 	/usr/lib/system/libdispatch.dylib
0x00007fff63d8a000 	/usr/lib/system/libdyld.dylib
0x00007fff63dba000 	/usr/lib/system/libkeymgr.dylib
0x00007fff63dc8000 	/usr/lib/system/liblaunch.dylib
0x00007fff63dc9000 	/usr/lib/system/libmacho.dylib
0x00007fff63dcf000 	/usr/lib/system/libquarantine.dylib
0x00007fff63dd2000 	/usr/lib/system/libremovefile.dylib
0x00007fff63dd4000 	/usr/lib/system/libsystem_asl.dylib
0x00007fff63dec000 	/usr/lib/system/libsystem_blocks.dylib
0x00007fff63ded000 	/usr/lib/system/libsystem_c.dylib
0x00007fff63e76000 	/usr/lib/system/libsystem_configuration.dylib
0x00007fff63e7a000 	/usr/lib/system/libsystem_coreservices.dylib
0x00007fff63e7e000 	/usr/lib/system/libsystem_darwin.dylib
0x00007fff63e85000 	/usr/lib/system/libsystem_dnssd.dylib
0x00007fff63e8c000 	/usr/lib/system/libsystem_info.dylib
0x00007fff63f02000 	/usr/lib/system/libsystem_m.dylib
0x00007fff63f4e000 	/usr/lib/system/libsystem_malloc.dylib
0x00007fff63f73000 	/usr/lib/system/libsystem_networkextension.dylib
0x00007fff63f7f000 	/usr/lib/system/libsystem_notify.dylib
0x00007fff63f9c000 	/usr/lib/system/libsystem_sandbox.dylib
0x00007fff63fa0000 	/usr/lib/system/libsystem_secinit.dylib
0x00007fff63ed9000 	/usr/lib/system/libsystem_kernel.dylib
0x00007fff63f87000 	/usr/lib/system/libsystem_platform.dylib
0x00007fff63f91000 	/usr/lib/system/libsystem_pthread.dylib
0x00007fff63fa3000 	/usr/lib/system/libsystem_symptoms.dylib
0x00007fff63fab000 	/usr/lib/system/libsystem_trace.dylib
0x00007fff63fc2000 	/usr/lib/system/libunwind.dylib
0x00007fff63fc8000 	/usr/lib/system/libxpc.dylib
0x00007fff6144f000 	/usr/lib/libbsm.0.dylib
0x00007fff63dbb000 	/usr/lib/system/libkxld.dylib
0x00007fff47439000 	/System/Library/PrivateFrameworks/AppleFSCompression.framework/Versions/A/AppleFSCompression
0x00007fff610d4000 	/usr/lib/libOpenScriptingUtil.dylib
0x00007fff617b2000 	/usr/lib/libcoretls.dylib
0x00007fff617c9000 	/usr/lib/libcoretls_cfhelpers.dylib
0x00007fff63455000 	/usr/lib/libpam.2.dylib
0x00007fff63618000 	/usr/lib/libsqlite3.dylib
0x00007fff63a80000 	/usr/lib/libxar.1.dylib
0x00007fff61460000 	/usr/lib/libbz2.1.0.dylib
0x00007fff623dd000 	/usr/lib/liblzma.5.dylib
0x00007fff628d3000 	/usr/lib/libnetwork.dylib
0x00007fff612b4000 	/usr/lib/libapple_nghttp2.dylib
0x00007fff6345c000 	/usr/lib/libpcap.A.dylib
0x00007fff38185000 	/System/Library/Frameworks/CoreServices.framework/Versions/A/Frameworks/FSEvents.framework/Versions/A/FSEvents
0x00007fff37e61000 	/System/Library/Frameworks/CoreServices.framework/Versions/A/Frameworks/CarbonCore.framework/Versions/A/CarbonCore
0x00007fff3835a000 	/System/Library/Frameworks/CoreServices.framework/Versions/A/Frameworks/Metadata.framework/Versions/A/Metadata
0x00007fff383fd000 	/System/Library/Frameworks/CoreServices.framework/Versions/A/Frameworks/OSServices.framework/Versions/A/OSServices
0x00007fff38449000 	/System/Library/Frameworks/CoreServices.framework/Versions/A/Frameworks/SearchKit.framework/Versions/A/SearchKit
0x00007fff37de2000 	/System/Library/Frameworks/CoreServices.framework/Versions/A/Frameworks/AE.framework/Versions/A/AE
0x00007fff3818e000 	/System/Library/Frameworks/CoreServices.framework/Versions/A/Frameworks/LaunchServices.framework/Versions/A/LaunchServices
0x00007fff3813a000 	/System/Library/Frameworks/CoreServices.framework/Versions/A/Frameworks/DictionaryServices.framework/Versions/A/DictionaryServices
0x00007fff384b8000 	/System/Library/Frameworks/CoreServices.framework/Versions/A/Frameworks/SharedFileList.framework/Versions/A/SharedFileList
0x00007fff3cc37000 	/System/Library/Frameworks/NetFS.framework/Versions/A/NetFS
0x00007fff56635000 	/System/Library/PrivateFrameworks/NetAuth.framework/Versions/A/NetAuth
0x00007fff60acf000 	/System/Library/PrivateFrameworks/login.framework/Versions/A/Frameworks/loginsupport.framework/Versions/A/loginsupport
0x00007fff5eadb000 	/System/Library/PrivateFrameworks/TCC.framework/Versions/A/TCC
0x00007fff4b157000 	/System/Library/PrivateFrameworks/CoreNLP.framework/Versions/A/CoreNLP
0x00007fff56089000 	/System/Library/PrivateFrameworks/MetadataUtilities.framework/Versions/A/MetadataUtilities
0x00007fff624be000 	/usr/lib/libmecabra.dylib
0x00007fff34f09000 	/System/Library/Frameworks/ApplicationServices.framework/Versions/A/Frameworks/ATS.framework/Versions/A/ATS
0x00007fff35274000 	/System/Library/Frameworks/ApplicationServices.framework/Versions/A/Frameworks/ColorSyncLegacy.framework/Versions/A/ColorSyncLegacy
0x00007fff35315000 	/System/Library/Frameworks/ApplicationServices.framework/Versions/A/Frameworks/HIServices.framework/Versions/A/HIServices
0x00007fff35368000 	/System/Library/Frameworks/ApplicationServices.framework/Versions/A/Frameworks/LangAnalysis.framework/Versions/A/LangAnalysis
0x00007fff35377000 	/System/Library/Frameworks/ApplicationServices.framework/Versions/A/Frameworks/PrintCore.framework/Versions/A/PrintCore
0x00007fff353c4000 	/System/Library/Frameworks/ApplicationServices.framework/Versions/A/Frameworks/QD.framework/Versions/A/QD
0x00007fff35400000 	/System/Library/Frameworks/ApplicationServices.framework/Versions/A/Frameworks/SpeechSynthesis.framework/Versions/A/SpeechSynthesis
0x00007fff614ef000 	/usr/lib/libcompression.dylib
0x00007fff36a3a000 	/System/Library/Frameworks/CoreDisplay.framework/Versions/A/CoreDisplay
0x00007fff3ba3a000 	/System/Library/Frameworks/MetalPerformanceShaders.framework/Versions/A/MetalPerformanceShaders
0x00007fff32e68000 	/System/Library/Frameworks/Accelerate.framework/Versions/A/Frameworks/vImage.framework/Versions/A/vImage
0x00007fff33ee4000 	/System/Library/Frameworks/Accelerate.framework/Versions/A/Frameworks/vecLib.framework/Versions/A/vecLib
0x00007fff33e2e000 	/System/Library/Frameworks/Accelerate.framework/Versions/A/Frameworks/vecLib.framework/Versions/A/libvMisc.dylib
0x00007fff33c49000 	/System/Library/Frameworks/Accelerate.framework/Versions/A/Frameworks/vecLib.framework/Versions/A/libvDSP.dylib
0x00007fff33509000 	/System/Library/Frameworks/Accelerate.framework/Versions/A/Frameworks/vecLib.framework/Versions/A/libBLAS.dylib
0x00007fff337f4000 	/System/Library/Frameworks/Accelerate.framework/Versions/A/Frameworks/vecLib.framework/Versions/A/libLAPACK.dylib
0x00007fff33b9b000 	/System/Library/Frameworks/Accelerate.framework/Versions/A/Frameworks/vecLib.framework/Versions/A/libLinearAlgebra.dylib
0x00007fff33c35000 	/System/Library/Frameworks/Accelerate.framework/Versions/A/Frameworks/vecLib.framework/Versions/A/libSparseBLAS.dylib
0x00007fff33bb1000 	/System/Library/Frameworks/Accelerate.framework/Versions/A/Frameworks/vecLib.framework/Versions/A/libQuadrature.dylib
0x00007fff33781000 	/System/Library/Frameworks/Accelerate.framework/Versions/A/Frameworks/vecLib.framework/Versions/A/libBNNS.dylib
0x00007fff33bb7000 	/System/Library/Frameworks/Accelerate.framework/Versions/A/Frameworks/vecLib.framework/Versions/A/libSparse.dylib
0x00007fff5267c000 	/System/Library/PrivateFrameworks/GPUWrangler.framework/Versions/A/GPUWrangler
0x00007fff54ab0000 	/System/Library/PrivateFrameworks/IOAccelerator.framework/Versions/A/IOAccelerator
0x00007fff54abb000 	/System/Library/PrivateFrameworks/IOPresentment.framework/Versions/A/IOPresentment
0x00007fff4bf5e000 	/System/Library/PrivateFrameworks/DSExternalDisplay.framework/Versions/A/DSExternalDisplay
0x00007fff400eb000 	/System/Library/Frameworks/OpenGL.framework/Versions/A/Libraries/libCoreFSCache.dylib
0x00007fff3b822000 	/System/Library/Frameworks/MetalPerformanceShaders.framework/Frameworks/MPSCore.framework/Versions/A/MPSCore
0x00007fff3b843000 	/System/Library/Frameworks/MetalPerformanceShaders.framework/Frameworks/MPSImage.framework/Versions/A/MPSImage
0x00007fff3b8eb000 	/System/Library/Frameworks/MetalPerformanceShaders.framework/Frameworks/MPSNeuralNetwork.framework/Versions/A/MPSNeuralNetwork
0x00007fff3b8c2000 	/System/Library/Frameworks/MetalPerformanceShaders.framework/Frameworks/MPSMatrix.framework/Versions/A/MPSMatrix
0x00007fff3ba1e000 	/System/Library/Frameworks/MetalPerformanceShaders.framework/Frameworks/MPSRayIntersector.framework/Versions/A/MPSRayIntersector
0x00007fff560b2000 	/System/Library/PrivateFrameworks/MetalTools.framework/Versions/A/MetalTools
0x00007fff46b33000 	/System/Library/PrivateFrameworks/AggregateDictionary.framework/Versions/A/AggregateDictionary
0x00007fff610b4000 	/usr/lib/libMobileGestalt.dylib
0x00007fff3898a000 	/System/Library/Frameworks/CoreVideo.framework/Versions/A/CoreVideo
0x00007fff534eb000 	/System/Library/PrivateFrameworks/GraphVisualizer.framework/Versions/A/GraphVisualizer
0x00007fff4d287000 	/System/Library/PrivateFrameworks/FaceCore.framework/Versions/A/FaceCore
0x00007fff3f703000 	/System/Library/Frameworks/OpenCL.framework/Versions/A/OpenCL
0x00007fff60e9b000 	/usr/lib/libFosl_dynamic.dylib
0x00007fff56f0c000 	/System/Library/PrivateFrameworks/OTSVG.framework/Versions/A/OTSVG
0x00007fff3500d000 	/System/Library/Frameworks/ApplicationServices.framework/Versions/A/Frameworks/ATS.framework/Versions/A/Resources/libFontParser.dylib
0x00007fff3512d000 	/System/Library/Frameworks/ApplicationServices.framework/Versions/A/Frameworks/ATS.framework/Versions/A/Resources/libFontRegistry.dylib
0x00007fff3991d000 	/System/Library/Frameworks/ImageIO.framework/Versions/A/Resources/libJPEG.dylib
0x00007fff39c3f000 	/System/Library/Frameworks/ImageIO.framework/Versions/A/Resources/libTIFF.dylib
0x00007fff39c15000 	/System/Library/Frameworks/ImageIO.framework/Versions/A/Resources/libPng.dylib
0x00007fff39832000 	/System/Library/Frameworks/ImageIO.framework/Versions/A/Resources/libGIF.dylib
0x00007fff39837000 	/System/Library/Frameworks/ImageIO.framework/Versions/A/Resources/libJP2.dylib
0x00007fff39c3c000 	/System/Library/Frameworks/ImageIO.framework/Versions/A/Resources/libRadiance.dylib
0x00007fff47592000 	/System/Library/PrivateFrameworks/AppleJPEG.framework/Versions/A/AppleJPEG
0x00007fff400f6000 	/System/Library/Frameworks/OpenGL.framework/Versions/A/Libraries/libGFXShared.dylib
0x00007fff402b9000 	/System/Library/Frameworks/OpenGL.framework/Versions/A/Libraries/libGLU.dylib
0x00007fff400ff000 	/System/Library/Frameworks/OpenGL.framework/Versions/A/Libraries/libGL.dylib
0x00007fff4010b000 	/System/Library/Frameworks/OpenGL.framework/Versions/A/Libraries/libGLImage.dylib
0x00007fff400e8000 	/System/Library/Frameworks/OpenGL.framework/Versions/A/Libraries/libCVMSPluginSupport.dylib
0x00007fff400f1000 	/System/Library/Frameworks/OpenGL.framework/Versions/A/Libraries/libCoreVMClient.dylib
0x00007fff61e41000 	/usr/lib/libcups.2.dylib
0x00007fff3ad37000 	/System/Library/Frameworks/Kerberos.framework/Versions/A/Kerberos
0x00007fff392e8000 	/System/Library/Frameworks/GSS.framework/Versions/A/GSS
0x00007fff635ac000 	/usr/lib/libresolv.9.dylib
0x00007fff62039000 	/usr/lib/libiconv.2.dylib
0x00007fff5364b000 	/System/Library/PrivateFrameworks/Heimdal.framework/Versions/A/Heimdal
0x00007fff62008000 	/usr/lib/libheimdal-asn1.dylib
0x00007fff3f779000 	/System/Library/Frameworks/OpenDirectory.framework/Versions/A/OpenDirectory
0x00007fff49e54000 	/System/Library/PrivateFrameworks/CommonAuth.framework/Versions/A/CommonAuth
0x00007fff3f75c000 	/System/Library/Frameworks/OpenDirectory.framework/Versions/A/Frameworks/CFOpenDirectory.framework/Versions/A/CFOpenDirectory
0x00007fff428e7000 	/System/Library/Frameworks/SecurityFoundation.framework/Versions/A/SecurityFoundation
0x00007fff46044000 	/System/Library/PrivateFrameworks/APFS.framework/Versions/A/APFS
0x00007fff63a7c000 	/usr/lib/libutil.dylib
0x00007fff614dd000 	/usr/lib/libcharset.1.dylib
0x00007fff4782e000 	/System/Library/PrivateFrameworks/AppleSauce.framework/Versions/A/AppleSauce
0x00007fff479bc000 	/System/Library/PrivateFrameworks/AssertionServices.framework/Versions/A/AssertionServices
0x00007fff4822f000 	/System/Library/PrivateFrameworks/BaseBoard.framework/Versions/A/BaseBoard
0x00007fff6240d000 	/usr/lib/libmecab.1.0.0.dylib
0x00007fff62002000 	/usr/lib/libgermantok.dylib
0x00007fff612a0000 	/usr/lib/libThaiTokenizer.dylib
0x00007fff60dc7000 	/usr/lib/libChineseTokenizer.dylib
0x00007fff551e6000 	/System/Library/PrivateFrameworks/LanguageModeling.framework/Versions/A/LanguageModeling
0x00007fff4ab6d000 	/System/Library/PrivateFrameworks/CoreEmoji.framework/Versions/A/CoreEmoji
0x00007fff552de000 	/System/Library/PrivateFrameworks/Lexicon.framework/Versions/A/Lexicon
0x00007fff55326000 	/System/Library/PrivateFrameworks/LinguisticData.framework/Versions/A/LinguisticData
0x00007fff614de000 	/usr/lib/libcmph.dylib
0x00007fff429a8000 	/System/Library/Frameworks/ServiceManagement.framework/Versions/A/ServiceManagement
0x00007fff48182000 	/System/Library/PrivateFrameworks/BackgroundTaskManagement.framework/Versions/A/BackgroundTaskManagement
0x00007fff63b76000 	/usr/lib/libxslt.1.dylib
0x00007fff360fd000 	/System/Library/Frameworks/Carbon.framework/Versions/A/Frameworks/Ink.framework/Versions/A/Ink
0x00007fff5ed5b000 	/System/Library/PrivateFrameworks/TextureIO.framework/Versions/A/TextureIO
0x00007fff612f5000 	/usr/lib/libate.dylib
0x00007fff4beba000 	/System/Library/PrivateFrameworks/CrashReporterSupport.framework/Versions/A/CrashReporterSupport
0x00007fff5bd7c000 	/System/Library/PrivateFrameworks/Sharing.framework/Versions/A/Sharing
0x00007fff47d0e000 	/System/Library/PrivateFrameworks/AuthKit.framework/Versions/A/AuthKit
0x00007fff47131000 	/System/Library/PrivateFrameworks/Apple80211.framework/Versions/A/Apple80211
0x00007fff4bc7a000 	/System/Library/PrivateFrameworks/CoreUtils.framework/Versions/A/CoreUtils
0x00007fff389c8000 	/System/Library/Frameworks/CoreWLAN.framework/Versions/A/CoreWLAN
0x00007fff39432000 	/System/Library/Frameworks/IOBluetooth.framework/Versions/A/IOBluetooth
0x00007fff5a09b000 	/System/Library/PrivateFrameworks/ProtocolBuffer.framework/Versions/A/ProtocolBuffer
0x00007fff562ef000 	/System/Library/PrivateFrameworks/MobileKeyBag.framework/Versions/A/MobileKeyBag
0x00007fff4b492000 	/System/Library/PrivateFrameworks/CorePhoneNumbers.framework/Versions/A/CorePhoneNumbers
0x00007fff47546000 	/System/Library/PrivateFrameworks/AppleIDAuthSupport.framework/Versions/A/AppleIDAuthSupport
0x00007fff551b8000 	/System/Library/PrivateFrameworks/KeychainCircle.framework/Versions/A/KeychainCircle
0x00007fff5a268000 	/System/Library/PrivateFrameworks/ROCKit.framework/Versions/A/ROCKit
0x00007fff4be56000 	/System/Library/PrivateFrameworks/CoreWiFi.framework/Versions/A/CoreWiFi
0x00007fff3666c000 	/System/Library/Frameworks/CoreBluetooth.framework/Versions/A/CoreBluetooth
0x00007fff4c0aa000 	/System/Library/PrivateFrameworks/DebugSymbols.framework/Versions/A/DebugSymbols
0x00007fff4ba2f000 	/System/Library/PrivateFrameworks/CoreSymbolication.framework/Versions/A/CoreSymbolication
0x00007fff5e545000 	/System/Library/PrivateFrameworks/Symbolication.framework/Versions/A/Symbolication
0x00007fff5d6d7000 	/System/Library/PrivateFrameworks/SpeechRecognitionCore.framework/Versions/A/SpeechRecognitionCore
0x00000001067f9000 	/Users/greenie/frc2019/jdk/lib/server/libjvm.dylib
0x0000000104a46000 	/Users/greenie/frc2019/jdk/lib/libverify.dylib
0x0000000104a52000 	/Users/greenie/frc2019/jdk/lib/libjava.dylib
0x0000000104aca000 	/Users/greenie/frc2019/jdk/lib/libzip.dylib
0x0000000104ad2000 	/Users/greenie/frc2019/jdk/lib/libjimage.dylib


VM Arguments:
java_command: <unknown>
java_class_path (initial): <not set>
Launcher Type: SUN_STANDARD

[Global flags]
     uint G1ConcRefinementThreads                  = 8                                         {product} {ergonomic}
    uintx GCDrainStackTargetSize                   = 64                                        {product} {ergonomic}
   size_t InitialHeapSize                          = 268435456                                 {product} {ergonomic}
   size_t MaxHeapSize                              = 4294967296                                {product} {ergonomic}
    uintx ReservedCodeCacheSize                    = 251658240                              {pd product} {ergonomic}
     bool SegmentedCodeCache                       = true                                      {product} {ergonomic}
     bool UseCompressedClassPointers               = true                                 {lp64_product} {ergonomic}
     bool UseCompressedOops                        = true                                 {lp64_product} {ergonomic}
     bool UseG1GC                                  = true                                      {product} {ergonomic}

Logging:
Log output configuration:
 #0: stdout all=warning uptime,level,tags
 #1: stderr all=off uptime,level,tags

Environment Variables:
PATH=/usr/local/share/python:/usr/local/bin:/Users/greenie/.cargo/bin:/usr/local/opt/openvpn/sbin:/Library/Frameworks/Python.framework/Versions/2.7/bin:/Users/greenie/bin:/usr/local/bin:/usr/bin:/bin:/usr/sbin:/sbin:/Applications/VMware Fusion.app/Contents/Public:/usr/local/share/dotnet:/opt/X11/bin:~/.dotnet/tools:/Library/Frameworks/Mono.framework/Versions/Current/Commands:/Users/greenie/Tools/flutter/bin:/Users/greenie/.pub-cache/bin:/Users/greenie/.fzf/bin
SHELL=/bin/bash
DISPLAY=/private/tmp/com.apple.launchd.8lxNqweVc7/org.macosforge.xquartz:0

Signal Handlers:
SIGSEGV: [libjvm.dylib+0x750918], sa_mask[0]=11111111011111110111111111111111, sa_flags=SA_ONSTACK|SA_RESTART|SA_SIGINFO
SIGBUS: [libjvm.dylib+0x750918], sa_mask[0]=11111111011111110111111111111111, sa_flags=SA_RESTART|SA_SIGINFO
SIGFPE: [libjvm.dylib+0x750918], sa_mask[0]=11111111011111110111111111111111, sa_flags=SA_RESTART|SA_SIGINFO
SIGPIPE: [libjvm.dylib+0x600ed2], sa_mask[0]=11111111011111110111111111111111, sa_flags=SA_RESTART|SA_SIGINFO
SIGXFSZ: [libjvm.dylib+0x600ed2], sa_mask[0]=11111111011111110111111111111111, sa_flags=SA_RESTART|SA_SIGINFO
SIGILL: [libjvm.dylib+0x750918], sa_mask[0]=11111111011111110111111111111111, sa_flags=SA_RESTART|SA_SIGINFO
SIGUSR2: [libjvm.dylib+0x6014b7], sa_mask[0]=00000000000000000000000000000000, sa_flags=SA_RESTART|SA_SIGINFO
SIGHUP: SIG_DFL, sa_mask[0]=00000000000000000000000000000000, sa_flags=SA_RESTART
SIGINT: SIG_DFL, sa_mask[0]=00000000000000000000000000000000, sa_flags=SA_RESTART
SIGTERM: SIG_DFL, sa_mask[0]=00000000000000000000000000000000, sa_flags=SA_RESTART
SIGQUIT: SIG_DFL, sa_mask[0]=00000000000000000000000000000000, sa_flags=SA_RESTART


---------------  S Y S T E M  ---------------

OS:uname:Darwin 18.2.0 Darwin Kernel Version 18.2.0: Mon Nov 12 20:24:46 PST 2018; root:xnu-4903.231.4~2/RELEASE_X86_64 x86_64
rlimit: STACK 8192k, CORE 0k, NPROC 1418, NOFILE 10240, AS infinity, DATA infinity, FSIZE infinity
load average:2.47 2.30 2.06

CPU:total 8 (initial active 8) 

Memory: 4k page, physical 16777216k(789228k free)

vm_info: OpenJDK 64-Bit Server VM (11.0.1+13) for bsd-amd64 JRE (11.0.1+13), built on Oct  6 2018 12:17:16 by "mach5one" with gcc 4.2.1 Compatible Apple LLVM 9.1.0 (clang-902.0.39.2)

END.
